\BOOKMARK [0][-]{chapter.1}{\376\377\167\345\213\306\160\271\140\073\176\323}{}% 1
\BOOKMARK [1][-]{section.1.1}{\376\377\210\114\122\027\137\017\213\241\173\227}{chapter.1}% 2
\BOOKMARK [2][-]{subsection.1.1.1}{\376\377\210\114\122\027\137\017\140\047\215\050}{section.1.1}% 3
\BOOKMARK [2][-]{subsection.1.1.2}{\376\377\210\114\122\027\137\017\134\125\137\000}{section.1.1}% 4
\BOOKMARK [2][-]{subsection.1.1.3}{\376\377\203\003\137\267\204\231\210\114\122\027\137\017}{section.1.1}% 5
\BOOKMARK [1][-]{section.1.2}{\376\377\167\351\226\065}{chapter.1}% 6
\BOOKMARK [2][-]{subsection.1.2.1}{\376\377\176\277\140\047\145\271\172\013\176\304}{section.1.2}% 7
\BOOKMARK [2][-]{subsection.1.2.2}{\376\377\167\351\226\065}{section.1.2}% 8
\BOOKMARK [1][-]{section.1.3}{\376\377\124\021\221\317\176\304\166\204\176\277\140\047\166\370\121\163\140\047}{chapter.1}% 9
\BOOKMARK [2][-]{subsection.1.3.1}{\376\377\124\021\221\317\176\304}{section.1.3}% 10
\BOOKMARK [2][-]{subsection.1.3.2}{\376\377\124\021\221\317\172\172\225\364}{section.1.3}% 11
\BOOKMARK [1][-]{section.1.4}{\376\377\167\351\226\065\166\204\162\171\137\201\120\074\124\214\162\171\137\201\124\021\221\317}{chapter.1}% 12
\BOOKMARK [2][-]{subsection.1.4.1}{\376\377\124\021\221\317\121\205\171\357\116\016\153\143\116\244\140\047}{section.1.4}% 13
\BOOKMARK [2][-]{subsection.1.4.2}{\376\377\162\171\137\201\120\074\116\016\162\171\137\201\124\021\221\317}{section.1.4}% 14
\BOOKMARK [2][-]{subsection.1.4.3}{\376\377\166\370\117\074\167\351\226\065}{section.1.4}% 15
\BOOKMARK [1][-]{section.1.5}{\376\377\116\214\153\041\127\213}{chapter.1}% 16
\BOOKMARK [2][-]{subsection.1.5.1}{\376\377\116\214\153\041\127\213\116\016\150\007\121\306\127\213}{section.1.5}% 17
\BOOKMARK [1][-]{section.1.6}{\376\377\176\277\140\047\172\172\225\364\124\214\176\277\140\047\123\330\143\142}{chapter.1}% 18
\BOOKMARK [2][-]{subsection.1.6.1}{\376\377\176\277\140\047\172\172\225\364}{section.1.6}% 19
\BOOKMARK [2][-]{subsection.1.6.2}{\376\377\127\372\060\001\176\364\145\160\060\001\127\120\150\007}{section.1.6}% 20
\BOOKMARK [2][-]{subsection.1.6.3}{\376\377\176\277\140\047\123\330\143\142}{section.1.6}% 21
\BOOKMARK [0][-]{chapter.2}{\376\377\211\343\230\230\173\024\213\260}{}% 22
\BOOKMARK [1][-]{section.2.1}{\376\377\167\351\226\065}{chapter.2}% 23
\BOOKMARK [1][-]{section.2.2}{\376\377\124\021\221\317\176\304\166\204\176\277\140\047\166\370\121\163\140\047}{chapter.2}% 24
\BOOKMARK [1][-]{section.2.3}{\376\377\167\351\226\065\166\204\162\171\137\201\120\074\124\214\162\171\137\201\124\021\221\317}{chapter.2}% 25
