\BOOKMARK [0][-]{chapter.1}{\376\377\167\345\213\306\160\271\140\073\176\323}{}% 1
\BOOKMARK [1][-]{section.1.1}{\376\377\121\375\145\160\116\016\147\201\226\120}{chapter.1}% 2
\BOOKMARK [2][-]{subsection.1.1.1}{\376\377\145\160\122\027\154\102\124\214}{section.1.1}% 3
\BOOKMARK [2][-]{subsection.1.1.2}{\376\377\116\011\211\322\121\375\145\160}{section.1.1}% 4
\BOOKMARK [2][-]{subsection.1.1.3}{\376\377\123\314\146\362\121\375\145\160\116\016\123\315\123\314\146\362\121\375\145\160}{section.1.1}% 5
\BOOKMARK [2][-]{subsection.1.1.4}{\376\377\121\375\145\160\225\364\145\255\160\271\122\006\174\173}{section.1.1}% 6
\BOOKMARK [2][-]{subsection.1.1.5}{\376\377\173\111\116\367\145\340\172\167\134\017}{section.1.1}% 7
\BOOKMARK [1][-]{section.1.2}{\376\377\133\374\145\160\116\016\137\256\122\006}{chapter.1}% 8
\BOOKMARK [2][-]{subsection.1.2.1}{\376\377\123\315\121\375\145\160\154\102\133\374}{section.1.2}% 9
\BOOKMARK [2][-]{subsection.1.2.2}{\376\377\155\033\137\305\217\276\154\325\122\031}{section.1.2}% 10
\BOOKMARK [2][-]{subsection.1.2.3}{\376\377\136\070\165\050\133\374\145\160\121\154\137\017}{section.1.2}% 11
\BOOKMARK [2][-]{subsection.1.2.4}{\376\377\137\256\122\006\121\154\137\017}{section.1.2}% 12
\BOOKMARK [1][-]{section.1.3}{\376\377\137\256\122\006\116\055\120\074\133\232\164\006}{chapter.1}% 13
\BOOKMARK [2][-]{subsection.1.3.1}{\376\377\116\011\131\047\116\055\120\074\133\232\164\006}{section.1.3}% 14
\BOOKMARK [2][-]{subsection.1.3.2}{\376\377\154\360\122\322\121\154\137\017}{section.1.3}% 15
\BOOKMARK [2][-]{subsection.1.3.3}{\376\377\146\362\163\207}{section.1.3}% 16
\BOOKMARK [2][-]{subsection.1.3.4}{\376\377\116\055\120\074\133\232\164\006\217\205\122\251\121\375\145\160\147\204\220\040\210\150\000\050\213\345\210\150\116\137\123\357\165\050\116\216\211\343\121\263\171\357\122\006\225\356\230\230\000\051}{section.1.3}% 17
\BOOKMARK [2][-]{subsection.1.3.5}{\376\377\116\015\173\111\137\017\133\232\164\006}{section.1.3}% 18
\BOOKMARK [2][-]{subsection.1.3.6}{\376\377\156\020\217\321\176\277}{section.1.3}% 19
\BOOKMARK [1][-]{section.1.4}{\376\377\116\015\133\232\171\357\122\006}{chapter.1}% 20
\BOOKMARK [2][-]{subsection.1.4.1}{\376\377\171\357\122\006\210\150}{section.1.4}% 21
\BOOKMARK [2][-]{subsection.1.4.2}{\376\377\121\340\116\052\133\232\164\006}{section.1.4}% 22
\BOOKMARK [1][-]{section.1.5}{\376\377\133\232\171\357\122\006}{chapter.1}% 23
\BOOKMARK [2][-]{subsection.1.5.1}{\376\377\171\357\122\006\116\055\120\074\133\232\164\006}{section.1.5}% 24
\BOOKMARK [2][-]{subsection.1.5.2}{\376\377\123\315\136\070\171\357\122\006\145\066\145\133}{section.1.5}% 25
\BOOKMARK [2][-]{subsection.1.5.3}{\376\377\145\340\172\167\226\120\123\315\136\070\171\357\122\006\133\241\145\133\154\325}{section.1.5}% 26
\BOOKMARK [2][-]{subsection.1.5.4}{\376\377\145\340\165\114\121\375\145\160\123\315\136\070\171\357\122\006\133\241\145\133\154\325}{section.1.5}% 27
\BOOKMARK [2][-]{subsection.1.5.5}{\376\377\121\375\145\160}{section.1.5}% 28
\BOOKMARK [2][-]{subsection.1.5.6}{\376\377\116\011\211\322\121\375\145\160\116\000\116\233\162\171\153\212\171\357\122\006\121\154\137\017}{section.1.5}% 29
\BOOKMARK [2][-]{subsection.1.5.7}{\376\377\123\330\226\120\171\357\122\006\154\102\133\374\121\154\137\017}{section.1.5}% 30
\BOOKMARK [2][-]{subsection.1.5.8}{\376\377\147\357\211\177\000-\145\275\164\346\121\171\116\015\173\111\137\017}{section.1.5}% 31
\BOOKMARK [1][-]{section.1.6}{\376\377\137\256\122\006\145\271\172\013}{chapter.1}% 32
\BOOKMARK [2][-]{subsection.1.6.1}{\376\377\122\035\173\111\171\357\122\006\145\271\154\325}{section.1.6}% 33
\BOOKMARK [2][-]{subsection.1.6.2}{\376\377\140\160\137\123\145\271\172\013}{section.1.6}% 34
\BOOKMARK [2][-]{subsection.1.6.3}{\376\377\226\220\137\017\145\271\172\013\377\010\154\350\141\017\153\144\145\366\145\271\172\013\123\357\200\375\116\072\116\000\226\066\232\330\153\041\137\256\122\006\145\271\172\013\377\011}{section.1.6}% 35
\BOOKMARK [2][-]{subsection.1.6.4}{\376\377\232\330\226\066\137\256\122\006\145\271\172\013\377\010\154\350\141\017\116\016\226\220\137\017\145\271\172\013\166\204\232\330\153\041\145\271\172\013\123\072\122\053\377\014\116\000\116\052\116\072\232\330\226\066\116\000\116\052\116\072\116\000\226\066\232\330\153\041\377\011}{section.1.6}% 36
\BOOKMARK [2][-]{subsection.1.6.5}{\376\377\136\070\174\373\145\160\176\277\140\047\145\271\172\013\000d\000n\000y\000d\000x\000n\000+\000a\0001\000d\000n\000-\0001\000y\000d\000x\000n\000-\0001\000+\000\@let@token \000+\000a\000n\000-\0001\000d\000y\000d\000x\000+\000a\000n\000y\000=\000f\000\050\000x\000\051}{section.1.6}% 37
\BOOKMARK [1][-]{section.1.7}{\376\377\211\343\147\220\121\340\117\125}{chapter.1}% 38
\BOOKMARK [2][-]{subsection.1.7.1}{\376\377\145\271\124\021\211\322\060\001\145\271\124\021\117\131\137\046\116\016\142\225\137\161}{section.1.7}% 39
\BOOKMARK [2][-]{subsection.1.7.2}{\376\377\124\021\221\317\171\357\166\204\217\320\173\227\211\304\137\213}{section.1.7}% 40
\BOOKMARK [2][-]{subsection.1.7.3}{\376\377\136\163\227\142\145\271\172\013}{section.1.7}% 41
\BOOKMARK [2][-]{subsection.1.7.4}{\376\377\166\364\176\277\145\271\172\013}{section.1.7}% 42
\BOOKMARK [2][-]{subsection.1.7.5}{\376\377\136\163\227\142\147\137}{section.1.7}% 43
\BOOKMARK [2][-]{subsection.1.7.6}{\376\377\136\070\211\301\116\214\153\041\146\362\227\142\145\271\172\013}{section.1.7}% 44
\BOOKMARK [2][-]{subsection.1.7.7}{\376\377\172\172\225\364\146\362\176\277\127\050\127\120\150\007\227\142\116\012\166\204\142\225\137\161\146\362\176\277\154\102\154\325}{section.1.7}% 45
\BOOKMARK [2][-]{subsection.1.7.8}{\376\377\160\271\122\060\136\163\227\142\215\335\171\273}{section.1.7}% 46
\BOOKMARK [1][-]{section.1.8}{\376\377\131\032\121\103\121\375\145\160\137\256\122\006\133\146}{chapter.1}% 47
\BOOKMARK [2][-]{subsection.1.8.1}{\376\377\121\340\116\052\133\232\164\006}{section.1.8}% 48
\BOOKMARK [2][-]{subsection.1.8.2}{\376\377\226\220\121\375\145\160\154\102\133\374}{section.1.8}% 49
\BOOKMARK [2][-]{subsection.1.8.3}{\376\377\121\340\117\125\136\224\165\050}{section.1.8}% 50
\BOOKMARK [2][-]{subsection.1.8.4}{\376\377\145\271\124\021\133\374\145\160\116\016\150\257\136\246}{section.1.8}% 51
\BOOKMARK [2][-]{subsection.1.8.5}{\376\377\131\032\121\103\121\375\145\160\166\204\147\201\120\074\116\016\147\141\116\366\147\201\120\074}{section.1.8}% 52
\BOOKMARK [1][-]{section.1.9}{\376\377\221\315\171\357\122\006}{chapter.1}% 53
\BOOKMARK [2][-]{subsection.1.9.1}{\376\377\221\315\171\357\122\006\116\055\120\074\133\232\164\006}{section.1.9}% 54
\BOOKMARK [2][-]{subsection.1.9.2}{\376\377\221\315\171\357\122\006\116\015\124\014\127\120\150\007\116\013\166\204\213\241\173\227}{section.1.9}% 55
\BOOKMARK [2][-]{subsection.1.9.3}{\376\377\221\315\171\357\122\006\143\142\121\103\154\325}{section.1.9}% 56
\BOOKMARK [2][-]{subsection.1.9.4}{\376\377\121\340\116\052\133\371\171\360\140\047\133\232\164\006}{section.1.9}% 57
\BOOKMARK [2][-]{subsection.1.9.5}{\376\377\121\340\117\125\136\224\165\050}{section.1.9}% 58
\BOOKMARK [1][-]{section.1.10}{\376\377\146\362\176\277\171\357\122\006\116\016\146\362\227\142\171\357\122\006}{chapter.1}% 59
\BOOKMARK [2][-]{subsection.1.10.1}{\376\377\116\044\174\173\146\362\176\277\146\362\227\142\171\357\122\006\213\241\173\227\121\154\137\017}{section.1.10}% 60
\BOOKMARK [2][-]{subsection.1.10.2}{\376\377\150\074\147\227\121\154\137\017}{section.1.10}% 61
\BOOKMARK [2][-]{subsection.1.10.3}{\376\377\232\330\145\257\121\154\137\017}{section.1.10}% 62
\BOOKMARK [2][-]{subsection.1.10.4}{\376\377\145\257\142\130\121\113\145\257\121\154\137\017}{section.1.10}% 63
\BOOKMARK [2][-]{subsection.1.10.5}{\376\377\220\032\221\317\116\016\145\143\136\246\060\001\163\257\155\101\221\317\116\016\145\313\136\246}{section.1.10}% 64
\BOOKMARK [2][-]{subsection.1.10.6}{\376\377\133\371\171\360\140\047\123\026\173\200\171\357\122\006}{section.1.10}% 65
\BOOKMARK [1][-]{section.1.11}{\376\377\145\340\172\167\176\247\145\160}{chapter.1}% 66
\BOOKMARK [2][-]{subsection.1.11.1}{\376\377\176\247\145\160\145\066\145\133}{section.1.11}% 67
\BOOKMARK [2][-]{subsection.1.11.2}{\376\377\136\070\145\160\230\171\176\247\145\160\133\241\145\133\154\325}{section.1.11}% 68
\BOOKMARK [2][-]{subsection.1.11.3}{\376\377\136\102\176\247\145\160}{section.1.11}% 69
\BOOKMARK [2][-]{subsection.1.11.4}{\376\377\120\205\221\314\123\366\176\247\145\160}{section.1.11}% 70
\BOOKMARK [0][-]{chapter.2}{\376\377\211\343\230\230\173\024\213\260}{}% 71
\BOOKMARK [1][-]{section.2.1}{\376\377\121\375\145\160\116\016\147\201\226\120}{chapter.2}% 72
\BOOKMARK [1][-]{section.2.2}{\376\377\133\374\145\160\116\016\137\256\122\006}{chapter.2}% 73
\BOOKMARK [1][-]{section.2.3}{\376\377\137\256\122\006\116\055\120\074\133\232\164\006}{chapter.2}% 74
\BOOKMARK [1][-]{section.2.4}{\376\377\116\015\133\232\171\357\122\006}{chapter.2}% 75
\BOOKMARK [1][-]{section.2.5}{\376\377\133\232\171\357\122\006}{chapter.2}% 76
\BOOKMARK [1][-]{section.2.6}{\376\377\211\343\147\220\121\340\117\125}{chapter.2}% 77
\BOOKMARK [1][-]{section.2.7}{\376\377\221\315\171\357\122\006}{chapter.2}% 78
\BOOKMARK [1][-]{section.2.8}{\376\377\146\362\176\277\171\357\122\006\116\016\146\362\227\142\171\357\122\006}{chapter.2}% 79
\BOOKMARK [1][-]{section.2.9}{\376\377\176\247\145\160}{chapter.2}% 80
