\BOOKMARK [0][-]{chapter.1}{\376\377\167\345\213\306\160\271\140\073\176\323}{}% 1
\BOOKMARK [1][-]{section.1.1}{\376\377\226\217\147\072\116\213\116\366\123\312\121\166\151\202\163\207}{chapter.1}% 2
\BOOKMARK [2][-]{subsection.1.1.1}{\376\377\127\372\147\054\167\345\213\306}{section.1.1}% 3
\BOOKMARK [1][-]{section.1.2}{\376\377\213\241\173\227\116\213\116\366\166\204\151\202\163\207}{chapter.1}% 4
\BOOKMARK [2][-]{subsection.1.2.1}{\376\377\220\350\122\006\121\154\137\017}{section.1.2}% 5
\BOOKMARK [1][-]{section.1.3}{\376\377\226\217\147\072\123\330\221\317\123\312\121\166\122\006\136\003}{chapter.1}% 6
\BOOKMARK [2][-]{subsection.1.3.1}{\376\377\121\340\171\315\171\273\145\143\127\213\226\217\147\072\123\330\221\317\122\006\136\003\137\213}{section.1.3}% 7
\BOOKMARK [2][-]{subsection.1.3.2}{\376\377\121\340\171\315\217\336\176\355\127\213\226\217\147\072\123\330\221\317\122\006\136\003\137\213}{section.1.3}% 8
\BOOKMARK [2][-]{subsection.1.3.3}{\376\377\133\214\145\164\151\202\163\207\122\006\136\003\210\150}{section.1.3}% 9
\BOOKMARK [1][-]{section.1.4}{\376\377\131\032\176\364\226\217\147\072\123\330\221\317\123\312\121\166\122\006\136\003}{chapter.1}% 10
\BOOKMARK [2][-]{subsection.1.4.1}{\376\377\217\271\177\030\122\006\136\003}{section.1.4}% 11
\BOOKMARK [2][-]{subsection.1.4.2}{\376\377\147\141\116\366\122\006\136\003}{section.1.4}% 12
\BOOKMARK [2][-]{subsection.1.4.3}{\376\377\116\214\176\364\226\217\147\072\123\330\221\317\162\354\172\313\140\047}{section.1.4}% 13
\BOOKMARK [2][-]{subsection.1.4.4}{\376\377\116\214\176\364\226\217\147\072\123\330\221\317\121\375\145\160\000Z\000=\000g\000\050\000X\000,\000Y\000\051\166\204\122\006\136\003}{section.1.4}% 14
\BOOKMARK [2][-]{subsection.1.4.5}{\376\377\116\214\176\364\127\107\123\000\122\006\136\003\123\312\116\214\176\364\153\143\140\001\122\006\136\003\166\204\140\047\215\050}{section.1.4}% 15
\BOOKMARK [1][-]{section.1.5}{\376\377\226\217\147\072\123\330\221\317\166\204\145\160\133\127\162\171\137\201}{chapter.1}% 16
\BOOKMARK [2][-]{subsection.1.5.1}{\376\377\147\037\147\033\133\232\116\111}{section.1.5}% 17
\BOOKMARK [2][-]{subsection.1.5.2}{\376\377\145\271\135\356\133\232\116\111}{section.1.5}% 18
\BOOKMARK [2][-]{subsection.1.5.3}{\376\377\147\037\147\033\116\016\145\271\135\356\166\204\140\047\215\050}{section.1.5}% 19
\BOOKMARK [2][-]{subsection.1.5.4}{\376\377\123\117\145\271\135\356\116\016\166\370\121\163\174\373\145\160}{section.1.5}% 20
\BOOKMARK [2][-]{subsection.1.5.5}{\376\377\167\351\116\016\123\117\145\271\135\356\167\351\226\065}{section.1.5}% 21
\BOOKMARK [2][-]{subsection.1.5.6}{\376\377\121\166\116\326}{section.1.5}% 22
\BOOKMARK [1][-]{section.1.6}{\376\377\131\047\145\160\133\232\137\213\116\016\116\055\137\303\147\201\226\120\133\232\164\006}{chapter.1}% 23
\BOOKMARK [2][-]{subsection.1.6.1}{\376\377\117\235\151\202\163\207\145\066\145\133}{section.1.6}% 24
\BOOKMARK [2][-]{subsection.1.6.2}{\376\377\131\047\145\160\133\232\137\213}{section.1.6}% 25
\BOOKMARK [2][-]{subsection.1.6.3}{\376\377\116\055\137\303\147\201\226\120\133\232\164\006}{section.1.6}% 26
\BOOKMARK [1][-]{section.1.7}{\376\377\150\067\147\054\123\312\142\275\150\067\122\006\136\003}{chapter.1}% 27
\BOOKMARK [2][-]{subsection.1.7.1}{\376\377\127\372\147\054\133\232\116\111}{section.1.7}% 28
\BOOKMARK [2][-]{subsection.1.7.2}{\376\377\121\375\145\160}{section.1.7}% 29
\BOOKMARK [2][-]{subsection.1.7.3}{\376\377\142\275\150\067\122\006\136\003}{section.1.7}% 30
\BOOKMARK [2][-]{subsection.1.7.4}{\376\377\142\275\150\067\122\006\136\003\150\067\147\054\127\107\120\074\124\214\145\271\135\356\166\204\122\006\136\003}{section.1.7}% 31
\BOOKMARK [1][-]{section.1.8}{\376\377\123\302\145\160\117\060\213\241}{chapter.1}% 32
\BOOKMARK [2][-]{subsection.1.8.1}{\376\377\167\351\117\060\213\241}{section.1.8}% 33
\BOOKMARK [2][-]{subsection.1.8.2}{\376\377\147\201\131\047\117\074\161\066\117\060\213\241}{section.1.8}% 34
\BOOKMARK [2][-]{subsection.1.8.3}{\376\377\117\060\213\241\221\317\145\340\120\117\140\047\060\001\147\011\145\110\140\047\060\001\116\000\201\364\140\047}{section.1.8}% 35
\BOOKMARK [2][-]{subsection.1.8.4}{\376\377\153\143\140\001\140\073\117\123\123\302\145\160\166\204\123\072\225\364\117\060\213\241}{section.1.8}% 36
\BOOKMARK [0][-]{chapter.2}{\376\377\211\343\230\230\173\024\213\260}{}% 37
\BOOKMARK [1][-]{section.2.1}{\376\377\131\032\176\364\226\217\147\072\123\330\221\317\123\312\121\166\122\006\136\003}{chapter.2}% 38
\BOOKMARK [1][-]{section.2.2}{\376\377\226\217\147\072\123\330\221\317\166\204\145\160\133\127\162\171\137\201}{chapter.2}% 39
\BOOKMARK [1][-]{section.2.3}{\376\377\150\067\147\054\123\312\142\275\150\067\122\006\136\003}{chapter.2}% 40
